|SourceProjectName:MRI Logging Magnet Assembly Manual (6-in.).hpr
|DestinationProjectName:index.htm
index_hha.hhk
index.hhc
index.hhk
Apply_Epoxy_to_the_Magnet.htm
Assemble_and_Set_Layer_1.htm
Assemble_and_Set_Layer_2.htm
Assemble_and_Set_Layers_11_through_18.htm
Assemble_and_Set_Layers_3_7.htm
Assemble_and_Set_Layers_8_through_10.htm
Confirm_Correct_Rod_Placement.htm
Cut_the_Sensor_Conduit.htm
Equipment_and_Materials.htm
Harden_the_Lead_Epoxy.htm
Install_Rod.htm
Install_the_Sensors.htm
Magnetize_the_Magnet.htm
Prepare_the_Lead_Epoxy.htm
Prepare_the_Magnet_Assembly_Machine.htm
Prepare_the_Magnet_Tiles.htm
Prime_the_Magnet.htm
Purpose_and_Scope.htm
Remove_the_Magnet_from_the_Machine.htm
Safety_Information.htm
Sand_the_Magnet.htm
Wrap_the_Magnet.htm
template\Azure_Blue\usersettings.js
index.glo
MagAsm.css
template\Azure_Blue\layout-rtl.css
template\Azure_Blue\layout.css
template\Azure_Blue\filter_tab_applied.png
template\Azure_Blue\back_mobile_filter.png
template\Azure_Blue\filter_mark_radio.png
template\Azure_Blue\loading.gif
template\Azure_Blue\glossary_desktop.png
template\Azure_Blue\next_mobile_active.png
template\Azure_Blue\slider_open_ltr.png
template\Azure_Blue\back_mobile_ltr.png
template\Azure_Blue\slider_open_rtl.png
template\Azure_Blue\search_desktop_navigation.png
template\Azure_Blue\previous_tab_active.png
template\Azure_Blue\back_mobile_rtl.png
template\Azure_Blue\glossary_mobile.png
fgspacer.jpg
template\Azure_Blue\andsearch_nomark.png
template\Azure_Blue\previous_active.png
template\Azure_Blue\previous_mobile.png
template\Azure_Blue\index_mobile.png
plasticinplace.jpg
template\Azure_Blue\toc_link_mobile_ltr.png
template\Azure_Blue\next_tab_active.png
template\Azure_Blue\search_mobile_active.png
template\Azure_Blue\next_mobile.png
template\Azure_Blue\social_close_rtl.png
template\Azure_Blue\toc_book_closed_desktop.png
template\Azure_Blue\toc_link_mobile_rtl.png
template\Azure_Blue\toc_book_closed_mobile.png
template\Azure_Blue\filter_desktop_applied.png
template\Azure_Blue\filter_nomark_radio.png
template\Azure_Blue\toc_book_open_mobile.png
template\Azure_Blue\toc_topic_desktop.png
template\Azure_Blue\search_desktop_active.png
template\Azure_Blue\search_mobile_navigation.png
template\Azure_Blue\slider_ltr.png
template\Azure_Blue\slider_rtl.png
template\Azure_Blue\filter_desktop.png
template\Azure_Blue\search_tab.png
template\Azure_Blue\filter_tab.png
template\Azure_Blue\next_tab.png
template\Azure_Blue\search_mobile.png
template\Azure_Blue\previous_mobile_active.png
template\Azure_Blue\filter_mobile_applied.png
template\Azure_Blue\filter_mobile.png
template\Azure_Blue\social_open.png
template\Azure_Blue\filter_mark.png
template\Azure_Blue\filter_nomark.png
template\Azure_Blue\idx_topic.png
template\Azure_Blue\search_desktop.png
template\Azure_Blue\top.png
template\Azure_Blue\next.png
template\Azure_Blue\toc_tab.png
template\Azure_Blue\toc_mobile.png
template\Azure_Blue\menu.png
template\Azure_Blue\logo.png
template\Azure_Blue\next_active.png
template\Azure_Blue\glossary_tab.png
template\Azure_Blue\andsearch_mark.png
template\Azure_Blue\toc_link_desktop_ltr.png
template\Azure_Blue\print_desktop.png
template\Azure_Blue\index_desktop.png
template\Azure_Blue\toc_desktop.png
template\Azure_Blue\toc_link_desktop_rtl.png
template\Azure_Blue\index_tab.png
template\Azure_Blue\social_close_ltr.png
template\Azure_Blue\previous.png
template\Azure_Blue\previous_tab.png
template\Azure_Blue\toc_book_open_desktop.png
template\Azure_Blue\toc_book_open_drildown.png
template\Azure_Blue\filter_clearall.png
template\Azure_Blue\toc_topic_mobile.png
RoboHHRE.lng
ehlpdhtm.js
SearchOptions.xml
whxdata\toc1.js
whxdata\toc1.new.js
whxdata\toc2.js
whxdata\toc2.new.js
whxdata\toc3.js
whxdata\toc3.new.js
whxdata\toc4.js
whxdata\toc4.new.js
whxdata\toc.js
whxdata\toc.new.js
whxdata\idx.js
whxdata\glo.js
whxdata\package_0_xml.js
whxdata\package_1_xml.js
whxdata\package_2_xml.js
whxdata\package_3_xml.js
whxdata\package_4_xml.js
whxdata\package_5_xml.js
whxdata\package_6_xml.js
whxdata\packageindex_xml.js
whxdata\synonym.xml
whxdata\synonym_xml.js
whxdata\topictable_0_xml.js
whxdata\topictableindex_xml.js
whxdata\whfts.xml
whxdata\whfts_xml.js
whxdata\csh.js
whxdata\window.js
projectdata.js
